<?xml version="1.0" encoding="UTF-8"?>
<!-- Generated by org.testng.reporters.JUnitReportReporter -->
<testsuite hostname="DESKTOP-6L4OOM7" failures="0" tests="2" name="sampletest.beforeafftr" time="0.014" errors="0" timestamp="2022-06-13T11:49:57 IST" skipped="0">
  <testcase classname="sampletest.beforeafftr" name="log" time="0.010"/>
  <system-out/>
  <testcase classname="sampletest.beforeafftr" name="task" time="0.004"/>
  <system-out/>
</testsuite> <!-- sampletest.beforeafftr -->
